<?xml version="1.0" encoding="UTF-8"?>
<!-- Generated by org.testng.reporters.JUnitXMLReporter -->
<testsuite ignored="4" hostname="BNS" failures="0" tests="1" name="Default test" time="6.693" errors="0" timestamp="2024-06-09T17:00:19 IST">
  <testcase classname="com.tutorialsninja.qa.testcases.Login" name="verifyLoginWithValidCredentials" time="1.028"/>
  <testcase classname="com.tutorialsninja.qa.testcases.Login" name="loginWithValidEmailAndInvalidPassword" time="0.0">
    <ignored/>
  </testcase> <!-- loginWithValidEmailAndInvalidPassword -->
  <testcase classname="com.tutorialsninja.qa.testcases.Login" name="loginWithInvalidCredentials" time="0.0">
    <ignored/>
  </testcase> <!-- loginWithInvalidCredentials -->
  <testcase classname="com.tutorialsninja.qa.testcases.Login" name="loginWithInValidEmailAndValidPassword" time="0.0">
    <ignored/>
  </testcase> <!-- loginWithInValidEmailAndValidPassword -->
  <testcase classname="com.tutorialsninja.qa.testcases.Login" name="loginWithoutProvidingAnyUnPassword" time="0.0">
    <ignored/>
  </testcase> <!-- loginWithoutProvidingAnyUnPassword -->
</testsuite> <!-- Default test -->
