<?xml version="1.0" encoding="UTF-8"?>
<!-- Generated by org.testng.reporters.JUnitXMLReporter -->
<testsuite ignored="0" hostname="BNS" failures="0" tests="12" name="Test" time="43.688" errors="0" timestamp="2024-06-03T21:33:39 IST">
  <testcase classname="com.tutorialsninja.qa.testcases.Login" name="verifyLoginWithValidCredentials" time="1.133"/>
  <testcase classname="com.tutorialsninja.qa.testcases.Login" name="loginWithInvalidCredentials" time="0.89"/>
  <testcase classname="com.tutorialsninja.qa.testcases.Login" name="loginWithInValidEmailAndValidPassword" time="0.987"/>
  <testcase classname="com.tutorialsninja.qa.testcases.Login" name="loginWithValidEmailAndInvalidPassword" time="0.915"/>
  <testcase classname="com.tutorialsninja.qa.testcases.Login" name="loginWithoutProvidingAnyUnPassword" time="0.709"/>
  <testcase classname="com.tutorialsninja.qa.testcases.Register" name="registerationWithmandatoryFields" time="1.21"/>
  <testcase classname="com.tutorialsninja.qa.testcases.Register" name="verifyRegistrationWithAllFileds" time="1.209"/>
  <testcase classname="com.tutorialsninja.qa.testcases.Register" name="verifyAccountCreationWithAlreadyRegisteredMailID" time="0.518"/>
  <testcase classname="com.tutorialsninja.qa.testcases.Register" name="verifyAccountCreationWithoutFillingAnyData" time="3.362"/>
  <testcase classname="com.tutorialsninja.qa.testcases.Search" name="verifySearchWithValidProduct" time="0.405"/>
  <testcase classname="com.tutorialsninja.qa.testcases.Search" name="verifySearchWithInvalidProduct" time="0.347"/>
  <testcase classname="com.tutorialsninja.qa.testcases.Search" name="verifySearchWithoutProductData" time="0.36"/>
</testsuite> <!-- Test -->
