<?xml version="1.0" encoding="UTF-8"?>
<testng-results ignored="0" total="1" passed="1" failed="0" skipped="0">
  <reporter-output>
  </reporter-output>
  <suite started-at="2024-06-09T17:00:13 IST" name="Default suite" finished-at="2024-06-09T17:00:19 IST" duration-ms="6693">
    <groups>
    </groups>
    <test started-at="2024-06-09T17:00:13 IST" name="Default test" finished-at="2024-06-09T17:00:19 IST" duration-ms="6693">
      <class name="com.tutorialsninja.qa.testcases.Login">
        <test-method is-config="true" signature="setup()[pri:0, instance:com.tutorialsninja.qa.testcases.Login@f0c8a99]" started-at="2024-06-09T17:00:13 IST" name="setup" finished-at="2024-06-09T17:00:18 IST" duration-ms="5604" status="PASS">
          <reporter-output>
          </reporter-output>
        </test-method> <!-- setup -->
        <test-method signature="verifyLoginWithValidCredentials()[pri:1, instance:com.tutorialsninja.qa.testcases.Login@f0c8a99]" started-at="2024-06-09T17:00:18 IST" name="verifyLoginWithValidCredentials" finished-at="2024-06-09T17:00:19 IST" duration-ms="1028" status="PASS">
          <reporter-output>
          </reporter-output>
        </test-method> <!-- verifyLoginWithValidCredentials -->
        <test-method is-config="true" signature="teardown()[pri:0, instance:com.tutorialsninja.qa.testcases.Login@f0c8a99]" started-at="2024-06-09T17:00:19 IST" name="teardown" finished-at="2024-06-09T17:00:19 IST" duration-ms="0" status="PASS">
          <reporter-output>
          </reporter-output>
        </test-method> <!-- teardown -->
      </class> <!-- com.tutorialsninja.qa.testcases.Login -->
    </test> <!-- Default test -->
  </suite> <!-- Default suite -->
</testng-results>
